Make sure these boxes are checked before submitting your issue - thank you!  - [ √] I have checked the superset logs for python stacktraces and included it here as text if there are any. - [ √] I have reproduced the issue with at least the latest released version of superset. - [√ ] I have checked the issue tracker for the same issue and I haven't found one similar. ### Superset version superset:0.28.1 macOS  10.14 Python 3.6.5 |Anaconda, Inc.| (default, Apr 26 2018, 08:42:37)  pip 18.1  ### Expected results pip install -r requirements.txt Install all dependencies. ### Actual results  gcc -Wno-unused-result -Wsign-compare -Wunreachable-code -DNDEBUG -g -fwrapv -O3 -Wall -Wstrict-prototypes -I/Users/victorli/anaconda3/include -arch x86_64 -I/Users/victorli/anaconda3/include -arch x86_64 -Isrc/ext/libcharsetdetect/mozilla/extensions/universalchardet/src/base/ -Isrc/ext/libcharsetdetect/nspr-emu/ -Isrc/ext/libcharsetdetect/ -I/Users/victorli/anaconda3/include/python3.6m -c src/cchardet/_cchardet.cpp -o build/temp.macosx-10.7-x86_64-3.6/src/cchardet/_cchardet.o   warning: include path for stdlibc++ headers not found; pass '-std=libc++' on the command line to use the libc++ standard library instead [-Wstdlibcxx-not-found]   src/cchardet/_cchardet.cpp:1207:5: warning: variable '__pyx_v_ret' is used uninitialized whenever switch default is taken [-Wsometimes-uninitialized]       default: break;       ^~~~~~~   src/cchardet/_cchardet.cpp:1217:16: note: uninitialized use occurs here     __pyx_t_3 = (__pyx_v_ret != 0);                  ^~~~~~~~~~~   src/cchardet/_cchardet.cpp:1070:26: note: initialize the variable '__pyx_v_ret' to silence this warning     const char* __pyx_v_ret;                            ^                             = NULL   2 warnings generated.   gcc -Wno-unused-result -Wsign-compare -Wunreachable-code -DNDEBUG -g -fwrapv -O3 -Wall -Wstrict-prototypes -I/Users/victorli/anaconda3/include -arch x86_64 -I/Users/victorli/anaconda3/include -arch x86_64 -Isrc/ext/libcharsetdetect/mozilla/extensions/universalchardet/src/base/ -Isrc/ext/libcharsetdetect/nspr-emu/ -Isrc/ext/libcharsetdetect/ -I/Users/victorli/anaconda3/include/python3.6m -c src/ext/libcharsetdetect/charsetdetect.cpp -o build/temp.macosx-10.7-x86_64-3.6/src/ext/libcharsetdetect/charsetdetect.o   warning: include path for stdlibc++ headers not found; pass '-std=libc++' on the command line to use the libc++ standard library instead [-Wstdlibcxx-not-found]   src/ext/libcharsetdetect/charsetdetect.cpp:1:10: fatal error: 'iostream' file not found   #include <iostream>            ^~~~~~~~~~   1 warning and 1 error generated.   error: command 'gcc' failed with exit status 1      ----------------------------------------   Failed building wheel for cchardet   Running setup.py clean for cchardet Failed to build cchardet Installing collected packages: cchardet, kombu, celery, flask-babel, flask-appbuilder, flask-migrate, geopy, pyasn1, pyasn1-modules, google-auth, gunicorn, markdown, parsedatetime, py, pyhive, pyparsing, requests, rfc3986, sqlalchemy-utils, tabulator, tableschema   Found existing installation: cchardet 2.1.4     Uninstalling cchardet-2.1.4:       Successfully uninstalled cchardet-2.1.4   Running setup.py install for cchardet ... error     Complete output from command /Users/victorli/anaconda3/bin/python -u -c "import setuptools, tokenize;__file__='/private/var/folders/sx/8tjrn2vd2b9gtyk_t446fj5w0000gn/T/pip-install-4wp1jy_7/cchardet/setup.py';f=getattr(tokenize, 'open', open)(__file__);code=f.read().replace('\r\n', '\n');f.close();exec(compile(code, __file__, 'exec'))" install --record /private/var/folders/sx/8tjrn2vd2b9gtyk_t446fj5w0000gn/T/pip-record-l0cvc4y9/install-record.txt --single-version-externally-managed --compile:     cythonize: ['src/cchardet/_cchardet.pyx']     running install     running build     running build_py     creating build     creating build/lib.macosx-10.7-x86_64-3.6     creating build/lib.macosx-10.7-x86_64-3.6/cchardet     copying src/cchardet/__init__.py -> build/lib.macosx-10.7-x86_64-3.6/cchardet     running build_ext     building 'cchardet._cchardet' extension     creating build/temp.macosx-10.7-x86_64-3.6     creating build/temp.macosx-10.7-x86_64-3.6/src     creating build/temp.macosx-10.7-x86_64-3.6/src/cchardet     creating build/temp.macosx-10.7-x86_64-3.6/src/ext     creating build/temp.macosx-10.7-x86_64-3.6/src/ext/libcharsetdetect     creating build/temp.macosx-10.7-x86_64-3.6/src/ext/libcharsetdetect/mozilla     creating build/temp.macosx-10.7-x86_64-3.6/src/ext/libcharsetdetect/mozilla/extensions     creating build/temp.macosx-10.7-x86_64-3.6/src/ext/libcharsetdetect/mozilla/extensions/universalchardet     creating build/temp.macosx-10.7-x86_64-3.6/src/ext/libcharsetdetect/mozilla/extensions/universalchardet/src     creating build/temp.macosx-10.7-x86_64-3.6/src/ext/libcharsetdetect/mozilla/extensions/universalchardet/src/base     gcc -Wno-unused-result -Wsign-compare -Wunreachable-code -DNDEBUG -g -fwrapv -O3 -Wall -Wstrict-prototypes -I/Users/victorli/anaconda3/include -arch x86_64 -I/Users/victorli/anaconda3/include -arch x86_64 -Isrc/ext/libcharsetdetect/mozilla/extensions/universalchardet/src/base/ -Isrc/ext/libcharsetdetect/nspr-emu/ -Isrc/ext/libcharsetdetect/ -I/Users/victorli/anaconda3/include/python3.6m -c src/cchardet/_cchardet.cpp -o build/temp.macosx-10.7-x86_64-3.6/src/cchardet/_cchardet.o     warning: include path for stdlibc++ headers not found; pass '-std=libc++' on the command line to use the libc++ standard library instead [-Wstdlibcxx-not-found]     src/cchardet/_cchardet.cpp:1207:5: warning: variable '__pyx_v_ret' is used uninitialized whenever switch default is taken [-Wsometimes-uninitialized]         default: break;         ^~~~~~~     src/cchardet/_cchardet.cpp:1217:16: note: uninitialized use occurs here       __pyx_t_3 = (__pyx_v_ret != 0);                    ^~~~~~~~~~~     src/cchardet/_cchardet.cpp:1070:26: note: initialize the variable '__pyx_v_ret' to silence this warning       const char* __pyx_v_ret;                              ^                               = NULL     2 warnings generated.     gcc -Wno-unused-result -Wsign-compare -Wunreachable-code -DNDEBUG -g -fwrapv -O3 -Wall -Wstrict-prototypes -I/Users/victorli/anaconda3/include -arch x86_64 -I/Users/victorli/anaconda3/include -arch x86_64 -Isrc/ext/libcharsetdetect/mozilla/extensions/universalchardet/src/base/ -Isrc/ext/libcharsetdetect/nspr-emu/ -Isrc/ext/libcharsetdetect/ -I/Users/victorli/anaconda3/include/python3.6m -c src/ext/libcharsetdetect/charsetdetect.cpp -o build/temp.macosx-10.7-x86_64-3.6/src/ext/libcharsetdetect/charsetdetect.o     warning: include path for stdlibc++ headers not found; pass '-std=libc++' on the command line to use the libc++ standard library instead [-Wstdlibcxx-not-found]     src/ext/libcharsetdetect/charsetdetect.cpp:1:10: fatal error: 'iostream' file not found     #include <iostream>              ^~~~~~~~~~     1 warning and 1 error generated.     error: command 'gcc' failed with exit status 1          ----------------------------------------   Rolling back uninstall of cchardet Command "/Users/victorli/anaconda3/bin/python -u -c "import setuptools, tokenize;__file__='/private/var/folders/sx/8tjrn2vd2b9gtyk_t446fj5w0000gn/T/pip-install-4wp1jy_7/cchardet/setup.py';f=getattr(tokenize, 'open', open)(__file__);code=f.read().replace('\r\n', '\n');f.close();exec(compile(code, __file__, 'exec'))" install --record /private/var/folders/sx/8tjrn2vd2b9gtyk_t446fj5w0000gn/T/pip-record-l0cvc4y9/install-record.txt --single-version-externally-managed --compile" failed with error code 1 in /private/var/folders/sx/8tjrn2vd2b9gtyk_t446fj5w0000gn/T/pip-install-4wp1jy_7/cchardet/ ### Steps to reproduce  sudo mv /usr/local/include /usr/local/include_old sudo mkdir /usr/local/include sudo chown $YOU_USERNAME:admin /usr/local/include  It does't work  
Can you try `0.29.0rc7`? `pip install superset==0.29.0rc7` 
@mistercrunch  It can be successfully installed superset-0.29.0rc7,but I want to build local development environment following instructions here :https://github.com/apache/incubator-superset/blob/0.29.0rc7/CONTRIBUTING.md,Then  i got errors when  Install external dependencies using pip install -r requirements.txt 
There are 3 errors: 1、Failed building wheel for cchardet 2、 Failed building wheel for sasl 3、Command "/Users/victorli/PycharmProjects/incubator-superset/venv/bin/python -u -c "import setuptools, tokenize;__file__='/private/var/folders/sx/8tjrn2vd2b9gtyk_t446fj5w0000gn/T/pip-install-4lr4m6vn/cchardet/setup.py';f=getattr(tokenize, 'open', open)(__file__);code=f.read().replace('\r\n', '\n');f.close();exec(compile(code, __file__, 'exec'))" install --record /private/var/folders/sx/8tjrn2vd2b9gtyk_t446fj5w0000gn/T/pip-record-h9y97u_d/install-record.txt --single-version-externally-managed --compile --install-headers /Users/victorli/PycharmProjects/incubator-superset/venv/include/site/python3.6/cchardet" failed with error code 1 in /private/var/folders/sx/8tjrn2vd2b9gtyk_t446fj5w0000gn/T/pip-install-4lr4m6vn/cchardet/ 
Did you install xcode? 
@mistercrunch  Xcode Version 10.1 (10B61) 
It comes down to the fact that you cannot install the `cchardet` and `sasl` packages. Can you research with the maintainers of these packages and report back here? I'm guessing your issues must be documented on their side.  Also idk much about Anaconda but you may want to try this outside of it. 
thanks  for your help,I had to give up and reset my Mac OS to version 10.13 
I build master code using python3.6.3, install requirements.txt wrong  ```bash git clone git clone https://github.com/apache/incubator-superset cd incubator-superset pip3 install -r requirements.txt ```  then ```bash futures requires Python '>=2.6, <3' but the running Python is 3.6.3 ``` 
